<?xml version="1.0" encoding="UTF-8"?>
<testng-results ignored="0" total="1" passed="1" failed="0" skipped="0">
  <reporter-output>
  </reporter-output>
  <suite started-at="2023-02-26T18:54:40 IST" name="Compare information" finished-at="2023-02-26T18:54:56 IST" duration-ms="15365">
    <groups>
    </groups>
    <test started-at="2023-02-26T18:54:40 IST" name="Pushpa movie" finished-at="2023-02-26T18:54:56 IST" duration-ms="15365">
      <class name="TestFiles.movieDataComparision">
        <test-method is-config="true" signature="startup()[pri:0, instance:TestFiles.movieDataComparision@6392827e]" started-at="2023-02-26T18:54:36 IST" name="startup" finished-at="2023-02-26T18:54:40 IST" duration-ms="4773" status="PASS">
          <reporter-output>
          </reporter-output>
        </test-method> <!-- startup -->
        <test-method signature="MovieDetailComparision(java.lang.String)[pri:0, instance:TestFiles.movieDataComparision@6392827e]" started-at="2023-02-26T18:54:40 IST" name="MovieDetailComparision" finished-at="2023-02-26T18:54:56 IST" duration-ms="15314" status="PASS">
          <params>
            <param index="0">
              <value>
                <![CDATA[Pushpa: The Raise]]>
              </value>
            </param>
          </params>
          <reporter-output>
          </reporter-output>
        </test-method> <!-- MovieDetailComparision -->
        <test-method is-config="true" signature="closeBrowser()[pri:0, instance:TestFiles.movieDataComparision@6392827e]" started-at="2023-02-26T18:54:56 IST" name="closeBrowser" finished-at="2023-02-26T18:54:56 IST" duration-ms="307" status="PASS">
          <reporter-output>
          </reporter-output>
        </test-method> <!-- closeBrowser -->
      </class> <!-- TestFiles.movieDataComparision -->
    </test> <!-- Pushpa movie -->
  </suite> <!-- Compare information -->
</testng-results>
